C:\Program Files (x86)\Microsoft Visual Studio\2019\Community\MSBuild\Current\Bin\Microsoft.Common.CurrentVersion.targets(1967,5): warning : The referenced project 'C:\Hooman\GBC\GAME3121\ogre\build\OgreMain\OgreMain.vcxproj' does not exist.
  OgreVolumeCSGSource.cpp
c1xx : fatal error C1083: Cannot open source file: 'C:\Hooman\GBC\GAME3121\ogre\Components\Volume\src\OgreVolumeCSGSource.cpp': No such file or directory
  OgreVolumeCacheSource.cpp
  OgreVolumeChunk.cpp
  OgreVolumeChunkHandler.cpp
  OgreVolumeDualGridGenerator.cpp
  OgreVolumeGridSource.cpp
c1xx : fatal error C1083: Cannot open source file: 'C:\Hooman\GBC\GAME3121\ogre\Components\Volume\src\OgreVolumeChunkHandler.cpp': No such file or directory
c1xx : fatal error C1083: Cannot open source file: 'C:\Hooman\GBC\GAME3121\ogre\Components\Volume\src\OgreVolumeCacheSource.cpp': No such file or directory
  OgreVolumeHalfFloatGridSource.cpp
  OgreVolumeIsoSurface.cpp
  OgreVolumeIsoSurfaceMC.cpp
c1xx : fatal error C1083: Cannot open source file: 'C:\Hooman\GBC\GAME3121\ogre\Components\Volume\src\OgreVolumeChunk.cpp': No such file or directory
c1xx : fatal error C1083: Cannot open source file: 'C:\Hooman\GBC\GAME3121\ogre\Components\Volume\src\OgreVolumeIsoSurfaceMC.cpp': No such file or directory
c1xx : fatal error C1083: Cannot open source file: 'C:\Hooman\GBC\GAME3121\ogre\Components\Volume\src\OgreVolumeIsoSurface.cpp': No such file or directory
  OgreVolumeMeshBuilder.cpp
c1xx : fatal error C1083: Cannot open source file: 'C:\Hooman\GBC\GAME3121\ogre\Components\Volume\src\OgreVolumeDualGridGenerator.cpp': No such file or directory
c1xx : fatal error C1083: Cannot open source file: 'C:\Hooman\GBC\GAME3121\ogre\Components\Volume\src\OgreVolumeGridSource.cpp': No such file or directory
c1xx : fatal error C1083: Cannot open source file: 'C:\Hooman\GBC\GAME3121\ogre\Components\Volume\src\OgreVolumeHalfFloatGridSource.cpp': No such file or directory
c1xx : fatal error C1083: Cannot open source file: 'C:\Hooman\GBC\GAME3121\ogre\Components\Volume\src\OgreVolumeMeshBuilder.cpp': No such file or directory
  OgreVolumeOctreeNode.cpp
  OgreVolumeOctreeNodeSplitPolicy.cpp
  OgreVolumeSimplexNoise.cpp
  OgreVolumeSource.cpp
  OgreVolumeTextureSource.cpp
c1xx : fatal error C1083: Cannot open source file: 'C:\Hooman\GBC\GAME3121\ogre\Components\Volume\src\OgreVolumeSource.cpp': No such file or directory
c1xx : fatal error C1083: Cannot open source file: 'C:\Hooman\GBC\GAME3121\ogre\Components\Volume\src\OgreVolumeOctreeNode.cpp': No such file or directory
c1xx : fatal error C1083: Cannot open source file: 'C:\Hooman\GBC\GAME3121\ogre\Components\Volume\src\OgreVolumeTextureSource.cpp': No such file or directory
c1xx : fatal error C1083: Cannot open source file: 'C:\Hooman\GBC\GAME3121\ogre\Components\Volume\src\OgreVolumeOctreeNodeSplitPolicy.cpp': No such file or directory
c1xx : fatal error C1083: Cannot open source file: 'C:\Hooman\GBC\GAME3121\ogre\Components\Volume\src\OgreVolumeSimplexNoise.cpp': No such file or directory
