C:\Program Files (x86)\Microsoft Visual Studio\2019\Community\MSBuild\Current\Bin\Microsoft.Common.CurrentVersion.targets(1967,5): warning : The referenced project 'C:\Hooman\GBC\GAME3121\ogre\build\OgreMain\OgreMain.vcxproj' does not exist.
  OgreBorderPanelOverlayElement.cpp
c1xx : fatal error C1083: Cannot open source file: 'C:\Hooman\GBC\GAME3121\ogre\Components\Overlay\src\OgreBorderPanelOverlayElement.cpp': No such file or directory
  OgreFont.cpp
  OgreFontManager.cpp
  OgreImGuiOverlay.cpp
c1xx : fatal error C1083: Cannot open source file: 'C:\Hooman\GBC\GAME3121\ogre\Components\Overlay\src\OgreFont.cpp': No such file or directory
  OgreOverlay.cpp
  OgreOverlayContainer.cpp
c1xx : fatal error C1083: Cannot open source file: 'C:\Hooman\GBC\GAME3121\ogre\Components\Overlay\src\OgreFontManager.cpp': No such file or directory
  OgreOverlayElement.cpp
c1xx : fatal error C1083: Cannot open source file: 'C:\Hooman\GBC\GAME3121\ogre\Components\Overlay\src\OgreImGuiOverlay.cpp': No such file or directory
c1xx : fatal error C1083: Cannot open source file: 'C:\Hooman\GBC\GAME3121\ogre\Components\Overlay\src\OgreOverlay.cpp': No such file or directory
c1xx : fatal error C1083: Cannot open source file: 'C:\Hooman\GBC\GAME3121\ogre\Components\Overlay\src\OgreOverlayContainer.cpp': No such file or directory
  OgreOverlayElementCommands.cpp
  OgreOverlayElementFactory.cpp
  OgreOverlayManager.cpp
c1xx : fatal error C1083: Cannot open source file: 'C:\Hooman\GBC\GAME3121\ogre\Components\Overlay\src\OgreOverlayElement.cpp': No such file or directory
  OgreOverlayProfileSessionListener.cpp
c1xx : fatal error C1083: Cannot open source file: 'C:\Hooman\GBC\GAME3121\ogre\Components\Overlay\src\OgreOverlayManager.cpp': No such file or directory
  OgreOverlaySystem.cpp
  OgreOverlayTranslator.cpp
c1xx : fatal error C1083: Cannot open source file: 'C:\Hooman\GBC\GAME3121\ogre\Components\Overlay\src\OgreOverlayElementFactory.cpp': No such file or directory
  OgrePanelOverlayElement.cpp
c1xx : fatal error C1083: Cannot open source file: 'C:\Hooman\GBC\GAME3121\ogre\Components\Overlay\src\OgreOverlayElementCommands.cpp': No such file or directory
c1xx : fatal error C1083: Cannot open source file: 'C:\Hooman\GBC\GAME3121\ogre\Components\Overlay\src\OgreOverlaySystem.cpp': No such file or directory
  OgreTextAreaOverlayElement.cpp
c1xx : fatal error C1083: Cannot open source file: 'C:\Hooman\GBC\GAME3121\ogre\Components\Overlay\src\OgreOverlayProfileSessionListener.cpp': No such file or directory
  OgreUTFString.cpp
  imgui.cpp
c1xx : fatal error C1083: Cannot open source file: 'C:\Hooman\GBC\GAME3121\ogre\Components\Overlay\src\OgreTextAreaOverlayElement.cpp': No such file or directory
  imgui_draw.cpp
c1xx : fatal error C1083: Cannot open source file: 'C:\Hooman\GBC\GAME3121\ogre\Components\Overlay\src\OgreOverlayTranslator.cpp': No such file or directory
  imgui_widgets.cpp
c1xx : fatal error C1083: Cannot open source file: 'C:\Hooman\GBC\GAME3121\ogre\build\imgui-1.77\imgui_draw.cpp': No such file or directory
c1xx : fatal error C1083: Cannot open source file: 'C:\Hooman\GBC\GAME3121\ogre\Components\Overlay\src\OgreUTFString.cpp': No such file or directory
c1xx : fatal error C1083: Cannot open source file: 'C:\Hooman\GBC\GAME3121\ogre\Components\Overlay\src\OgrePanelOverlayElement.cpp': No such file or directory
  imgui_demo.cpp
  imgui_freetype.cpp
c1xx : fatal error C1083: Cannot open source file: 'C:\Hooman\GBC\GAME3121\ogre\build\imgui-1.77\imgui.cpp': No such file or directory
c1xx : fatal error C1083: Cannot open source file: 'C:\Hooman\GBC\GAME3121\ogre\build\imgui-1.77\imgui_widgets.cpp': No such file or directory
c1xx : fatal error C1083: Cannot open source file: 'C:\Hooman\GBC\GAME3121\ogre\build\imgui-1.77\misc\freetype\imgui_freetype.cpp': No such file or directory
c1xx : fatal error C1083: Cannot open source file: 'C:\Hooman\GBC\GAME3121\ogre\build\imgui-1.77\imgui_demo.cpp': No such file or directory
