C:\Program Files (x86)\Microsoft Visual Studio\2019\Community\MSBuild\Current\Bin\Microsoft.Common.CurrentVersion.targets(1967,5): warning : The referenced project 'C:\Hooman\GBC\GAME3121\ogre\build\Components\Bites\OgreBites.vcxproj' does not exist.
C:\Program Files (x86)\Microsoft Visual Studio\2019\Community\MSBuild\Current\Bin\Microsoft.Common.CurrentVersion.targets(1967,5): warning : The referenced project 'C:\Hooman\GBC\GAME3121\ogre\build\OgreMain\OgreMain.vcxproj' does not exist.
C:\Program Files (x86)\Microsoft Visual Studio\2019\Community\MSBuild\Current\Bin\Microsoft.Common.CurrentVersion.targets(1967,5): warning : The referenced project 'C:\Hooman\GBC\GAME3121\ogre\build\Components\MeshLodGenerator\OgreMeshLodGenerator.vcxproj' does not exist.
C:\Program Files (x86)\Microsoft Visual Studio\2019\Community\MSBuild\Current\Bin\Microsoft.Common.CurrentVersion.targets(1967,5): warning : The referenced project 'C:\Hooman\GBC\GAME3121\ogre\build\Components\Overlay\OgreOverlay.vcxproj' does not exist.
C:\Program Files (x86)\Microsoft Visual Studio\2019\Community\MSBuild\Current\Bin\Microsoft.Common.CurrentVersion.targets(1967,5): warning : The referenced project 'C:\Hooman\GBC\GAME3121\ogre\build\Components\Paging\OgrePaging.vcxproj' does not exist.
C:\Program Files (x86)\Microsoft Visual Studio\2019\Community\MSBuild\Current\Bin\Microsoft.Common.CurrentVersion.targets(1967,5): warning : The referenced project 'C:\Hooman\GBC\GAME3121\ogre\build\Components\RTShaderSystem\OgreRTShaderSystem.vcxproj' does not exist.
C:\Program Files (x86)\Microsoft Visual Studio\2019\Community\MSBuild\Current\Bin\Microsoft.Common.CurrentVersion.targets(1967,5): warning : The referenced project 'C:\Hooman\GBC\GAME3121\ogre\build\Components\Terrain\OgreTerrain.vcxproj' does not exist.
C:\Program Files (x86)\Microsoft Visual Studio\2019\Community\MSBuild\Current\Bin\Microsoft.Common.CurrentVersion.targets(1967,5): warning : The referenced project 'C:\Hooman\GBC\GAME3121\ogre\build\Components\Volume\OgreVolume.vcxproj' does not exist.
C:\Program Files (x86)\Microsoft Visual Studio\2019\Community\MSBuild\Current\Bin\Microsoft.Common.CurrentVersion.targets(1967,5): warning : The referenced project 'C:\Hooman\GBC\GAME3121\ogre\build\PlugIns\PCZSceneManager\Plugin_PCZSceneManager.vcxproj' does not exist.
  DefaultSamplesPlugin.cpp
c1xx : fatal error C1083: Cannot open source file: 'C:\Hooman\GBC\GAME3121\ogre\Samples\Common\src\DefaultSamplesPlugin.cpp': No such file or directory
  CSMGpuConstants.cpp
  ShadowCameraSetupStableCSM.cpp
  HelperLogics.cpp
c1xx : fatal error C1083: Cannot open source file: 'C:\Hooman\GBC\GAME3121\ogre\Samples\CSMShadows\src\CSMGpuConstants.cpp': No such file or directory
  AmbientLight.cpp
c1xx : fatal error C1083: Cannot open source file: 'C:\Hooman\GBC\GAME3121\ogre\Samples\CSMShadows\src\ShadowCameraSetupStableCSM.cpp': No such file or directory
  DLight.cpp
c1xx : fatal error C1083: Cannot open source file: 'C:\Hooman\GBC\GAME3121\ogre\Samples\Compositor\src\HelperLogics.cpp': No such file or directory
  DeferredLightCP.cpp
c1xx : fatal error C1083: Cannot open source file: 'C:\Hooman\GBC\GAME3121\ogre\Samples\DeferredShading\src\AmbientLight.cpp': No such file or directory
c1xx : fatal error C1083: Cannot open source file: 'C:\Hooman\GBC\GAME3121\ogre\Samples\DeferredShading\src\DeferredLightCP.cpp': No such file or directory
  DeferredShading.cpp
  GBufferMaterialGenerator.cpp
c1xx : fatal error C1083: Cannot open source file: 'C:\Hooman\GBC\GAME3121\ogre\Samples\DeferredShading\src\DeferredShading.cpp': No such file or directory
c1xx : fatal error C1083: Cannot open source file: 'C:\Hooman\GBC\GAME3121\ogre\Samples\DeferredShading\src\DLight.cpp': No such file or directory
  GBufferSchemeHandler.cpp
c1xx : fatal error C1083: Cannot open source file: 'C:\Hooman\GBC\GAME3121\ogre\Samples\DeferredShading\src\GBufferMaterialGenerator.cpp': No such file or directory
  GeomUtils.cpp
  LightMaterialGenerator.cpp
c1xx : fatal error C1083: Cannot open source file: 'C:\Hooman\GBC\GAME3121\ogre\Samples\DeferredShading\src\GBufferSchemeHandler.cpp': No such file or directory
  MaterialGenerator.cpp
c1xx : fatal error C1083: Cannot open source file: 'C:\Hooman\GBC\GAME3121\ogre\Samples\DeferredShading\src\LightMaterialGenerator.cpp': No such file or directory
  SSAOLogic.cpp
c1xx : fatal error C1083: Cannot open source file: 'C:\Hooman\GBC\GAME3121\ogre\Samples\DeferredShading\src\GeomUtils.cpp': No such file or directory
c1xx : fatal error C1083: Cannot open source file: 'C:\Hooman\GBC\GAME3121\ogre\Samples\DeferredShading\src\MaterialGenerator.cpp': No such file or directory
  PerlinNoiseTerrainGenerator.cpp
  Isosurf.cpp
  ProceduralTools.cpp
c1xx : fatal error C1083: Cannot open source file: 'C:\Hooman\GBC\GAME3121\ogre\Samples\DeferredShading\src\SSAOLogic.cpp': No such file or directory
  MaterialControls.cpp
c1xx : fatal error C1083: Cannot open source file: 'C:\Hooman\GBC\GAME3121\ogre\Samples\EndlessWorld\src\PerlinNoiseTerrainGenerator.cpp': No such file or directory
c1xx : fatal error C1083: Cannot open source file: 'C:\Hooman\GBC\GAME3121\ogre\Samples\Isosurf\src\Isosurf.cpp': No such file or directory
  RoomObject.cpp
  ParticleGS.cpp
c1xx : fatal error C1083: Cannot open source file: 'C:\Hooman\GBC\GAME3121\ogre\Samples\OceanDemo\src\MaterialControls.cpp': No such file or directory
c1xx : fatal error C1083: Cannot open source file: 'C:\Hooman\GBC\GAME3121\ogre\Samples\PCZTestApp\src\RoomObject.cpp': No such file or directory
  ProceduralManualObject.cpp
  RandomTools.cpp
c1xx : fatal error C1083: Cannot open source file: 'C:\Hooman\GBC\GAME3121\ogre\Samples\Isosurf\src\ProceduralTools.cpp': No such file or directory
c1xx : fatal error C1083: Cannot open source file: 'C:\Hooman\GBC\GAME3121\ogre\Samples\ParticleGS\src\ParticleGS.cpp': No such file or directory
  OgreShaderExInstancedViewports.cpp
  ShaderExReflectionMap.cpp
c1xx : fatal error C1083: Cannot open source file: 'C:\Hooman\GBC\GAME3121\ogre\Samples\ParticleGS\src\ProceduralManualObject.cpp': No such file or directory
c1xx : fatal error C1083: Cannot open source file: 'C:\Hooman\GBC\GAME3121\ogre\Samples\ParticleGS\src\RandomTools.cpp': No such file or directory
  ShaderSystem.cpp
  RTShaderSRSSegmentedLights.cpp
c1xx : fatal error C1083: Cannot open source file: 'C:\Hooman\GBC\GAME3121\ogre\Samples\ShaderSystem\src\ShaderExReflectionMap.cpp': No such file or directory
c1xx : fatal error C1083: Cannot open source file: 'C:\Hooman\GBC\GAME3121\ogre\Samples\ShaderSystem\src\OgreShaderExInstancedViewports.cpp': No such file or directory
  SegmentedDynamicLightManager.cpp
  ShaderSystemMultiLight.cpp
  RTShaderSRSTexturedFog.cpp
c1xx : fatal error C1083: Cannot open source file: 'C:\Hooman\GBC\GAME3121\ogre\Samples\ShaderSystem\src\ShaderSystem.cpp': No such file or directory
c1xx : fatal error C1083: Cannot open source file: 'C:\Hooman\GBC\GAME3121\ogre\Samples\ShaderSystemMultiLight\src\RTShaderSRSSegmentedLights.cpp': No such file or directory
  ShaderSystemTexturedFog.cpp
  Compute.cpp
c1xx : fatal error C1083: Cannot open source file: 'C:\Hooman\GBC\GAME3121\ogre\Samples\ShaderSystemMultiLight\src\SegmentedDynamicLightManager.cpp': No such file or directory
c1xx : fatal error C1083: Cannot open source file: 'C:\Hooman\GBC\GAME3121\ogre\Samples\ShaderSystemMultiLight\src\ShaderSystemMultiLight.cpp': No such file or directory
  MeshLod.cpp
  NewInstancing.cpp
c1xx : fatal error C1083: Cannot open source file: 'C:\Hooman\GBC\GAME3121\ogre\Samples\ShaderSystemTexturedFog\src\RTShaderSRSTexturedFog.cpp': No such file or directory
c1xx : fatal error C1083: Cannot open source file: 'C:\Hooman\GBC\GAME3121\ogre\Samples\ShaderSystemTexturedFog\src\ShaderSystemTexturedFog.cpp': No such file or directory
c1xx : fatal error C1083: Cannot open source file: 'C:\Hooman\GBC\GAME3121\ogre\Samples\Simple\src\Compute.cpp': No such file or directory
  VolumeCSG.cpp
  VolumeTerrain.cpp
  ThingRenderable.cpp
c1xx : fatal error C1083: Cannot open source file: 'C:\Hooman\GBC\GAME3121\ogre\Samples\Simple\src\MeshLod.cpp': No such file or directory
c1xx : fatal error C1083: Cannot open source file: 'C:\Hooman\GBC\GAME3121\ogre\Samples\Simple\src\NewInstancing.cpp': No such file or directory
  VolumeRenderable.cpp
  VolumeTex.cpp
c1xx : fatal error C1083: Cannot open source file: 'C:\Hooman\GBC\GAME3121\ogre\Samples\Simple\src\VolumeCSG.cpp': No such file or directory
  WaterMesh.cpp
c1xx : fatal error C1083: Cannot open source file: 'C:\Hooman\GBC\GAME3121\ogre\Samples\Simple\src\VolumeTerrain.cpp': No such file or directory
c1xx : fatal error C1083: Cannot open source file: 'C:\Hooman\GBC\GAME3121\ogre\Samples\VolumeTex\src\ThingRenderable.cpp': No such file or directory
c1xx : fatal error C1083: Cannot open source file: 'C:\Hooman\GBC\GAME3121\ogre\Samples\VolumeTex\src\VolumeRenderable.cpp': No such file or directory
c1xx : fatal error C1083: Cannot open source file: 'C:\Hooman\GBC\GAME3121\ogre\Samples\VolumeTex\src\VolumeTex.cpp': No such file or directory
c1xx : fatal error C1083: Cannot open source file: 'C:\Hooman\GBC\GAME3121\ogre\Samples\Water\src\WaterMesh.cpp': No such file or directory
