C:\Program Files (x86)\Microsoft Visual Studio\2019\Community\MSBuild\Current\Bin\Microsoft.Common.CurrentVersion.targets(1967,5): warning : The referenced project 'C:\Hooman\GBC\GAME3121\ogre\build\RenderSystems\GLSupport\OgreGLSupport.vcxproj' does not exist.
C:\Program Files (x86)\Microsoft Visual Studio\2019\Community\MSBuild\Current\Bin\Microsoft.Common.CurrentVersion.targets(1967,5): warning : The referenced project 'C:\Hooman\GBC\GAME3121\ogre\build\OgreMain\OgreMain.vcxproj' does not exist.
  OgreGLSLExtSupport.cpp
  OgreGLSLLinkProgram.cpp
c1xx : fatal error C1083: Cannot open source file: 'C:\Hooman\GBC\GAME3121\ogre\RenderSystems\GL\src\GLSL\src\OgreGLSLExtSupport.cpp': No such file or directory
c1xx : fatal error C1083: Cannot open source file: 'C:\Hooman\GBC\GAME3121\ogre\RenderSystems\GL\src\GLSL\src\OgreGLSLLinkProgram.cpp': No such file or directory
  OgreGLSLLinkProgramManager.cpp
c1xx : fatal error C1083: Cannot open source file: 'C:\Hooman\GBC\GAME3121\ogre\RenderSystems\GL\src\GLSL\src\OgreGLSLLinkProgramManager.cpp': No such file or directory
  OgreGLSLProgram.cpp
  OgreGLSLProgramFactory.cpp
c1xx : fatal error C1083: Cannot open source file: 'C:\Hooman\GBC\GAME3121\ogre\RenderSystems\GL\src\GLSL\src\OgreGLSLProgramFactory.cpp': No such file or directory
c1xx : fatal error C1083: Cannot open source file: 'C:\Hooman\GBC\GAME3121\ogre\RenderSystems\GL\src\GLSL\src\OgreGLSLProgram.cpp': No such file or directory
  ATI_FS_GLGpuProgram.cpp
  Compiler2Pass.cpp
  ps_1_4.cpp
c1xx : fatal error C1083: Cannot open source file: 'C:\Hooman\GBC\GAME3121\ogre\RenderSystems\GL\src\atifs\src\ATI_FS_GLGpuProgram.cpp': No such file or directory
c1xx : fatal error C1083: Cannot open source file: 'C:\Hooman\GBC\GAME3121\ogre\RenderSystems\GL\src\atifs\src\Compiler2Pass.cpp': No such file or directory
  _ps1.0_lexer.cpp
  _ps1.0_parser.cpp
  _rc1.0_lexer.cpp
  _rc1.0_parser.cpp
c1xx : fatal error C1083: Cannot open source file: 'C:\Hooman\GBC\GAME3121\ogre\RenderSystems\GL\src\nvparse\_ps1.0_lexer.cpp': No such file or directory
c1xx : fatal error C1083: Cannot open source file: 'C:\Hooman\GBC\GAME3121\ogre\RenderSystems\GL\src\nvparse\_rc1.0_lexer.cpp': No such file or directory
c1xx : fatal error C1083: Cannot open source file: 'C:\Hooman\GBC\GAME3121\ogre\RenderSystems\GL\src\nvparse\_rc1.0_parser.cpp': No such file or directory
  _ts1.0_lexer.cpp
c1xx : fatal error C1083: Cannot open source file: 'C:\Hooman\GBC\GAME3121\ogre\RenderSystems\GL\src\nvparse\_ps1.0_parser.cpp': No such file or directory
  _ts1.0_parser.cpp
  _vs1.0_lexer.cpp
c1xx : fatal error C1083: Cannot open source file: 'C:\Hooman\GBC\GAME3121\ogre\RenderSystems\GL\src\nvparse\_vs1.0_lexer.cpp': No such file or directory
c1xx : fatal error C1083: Cannot open source file: 'C:\Hooman\GBC\GAME3121\ogre\RenderSystems\GL\src\nvparse\_ts1.0_lexer.cpp': No such file or directory
c1xx : fatal error C1083: Cannot open source file: 'C:\Hooman\GBC\GAME3121\ogre\RenderSystems\GL\src\atifs\src\ps_1_4.cpp': No such file or directory
  _vs1.0_parser.cpp
c1xx : fatal error C1083: Cannot open source file: 'C:\Hooman\GBC\GAME3121\ogre\RenderSystems\GL\src\nvparse\_ts1.0_parser.cpp': No such file or directory
  avp1.0_impl.cpp
  nvparse.cpp
c1xx : fatal error C1083: Cannot open source file: 'C:\Hooman\GBC\GAME3121\ogre\RenderSystems\GL\src\nvparse\_vs1.0_parser.cpp': No such file or directory
c1xx : fatal error C1083: Cannot open source file: 'C:\Hooman\GBC\GAME3121\ogre\RenderSystems\GL\src\nvparse\avp1.0_impl.cpp': No such file or directory
c1xx : fatal error C1083: Cannot open source file: 'C:\Hooman\GBC\GAME3121\ogre\RenderSystems\GL\src\nvparse\nvparse.cpp': No such file or directory
  nvparse_errors.cpp
  ps1.0_program.cpp
c1xx : fatal error C1083: Cannot open source file: 'C:\Hooman\GBC\GAME3121\ogre\RenderSystems\GL\src\nvparse\nvparse_errors.cpp': No such file or directory
c1xx : fatal error C1083: Cannot open source file: 'C:\Hooman\GBC\GAME3121\ogre\RenderSystems\GL\src\nvparse\ps1.0_program.cpp': No such file or directory
  rc1.0_combiners.cpp
  rc1.0_final.cpp
  rc1.0_general.cpp
c1xx : fatal error C1083: Cannot open source file: 'C:\Hooman\GBC\GAME3121\ogre\RenderSystems\GL\src\nvparse\rc1.0_combiners.cpp': No such file or directory
c1xx : fatal error C1083: Cannot open source file: 'C:\Hooman\GBC\GAME3121\ogre\RenderSystems\GL\src\nvparse\rc1.0_general.cpp': No such file or directory
  ts1.0_inst.cpp
  ts1.0_inst_list.cpp
c1xx : fatal error C1083: Cannot open source file: 'C:\Hooman\GBC\GAME3121\ogre\RenderSystems\GL\src\nvparse\ts1.0_inst.cpp': No such file or directory
c1xx : fatal error C1083: Cannot open source file: 'C:\Hooman\GBC\GAME3121\ogre\RenderSystems\GL\src\nvparse\rc1.0_final.cpp': No such file or directory
c1xx : fatal error C1083: Cannot open source file: 'C:\Hooman\GBC\GAME3121\ogre\RenderSystems\GL\src\nvparse\ts1.0_inst_list.cpp': No such file or directory
  vcp1.0_impl.cpp
c1xx : fatal error C1083: Cannot open source file: 'C:\Hooman\GBC\GAME3121\ogre\RenderSystems\GL\src\nvparse\vcp1.0_impl.cpp': No such file or directory
  vp1.0_impl.cpp
c1xx : fatal error C1083: Cannot open source file: 'C:\Hooman\GBC\GAME3121\ogre\RenderSystems\GL\src\nvparse\vp1.0_impl.cpp': No such file or directory
  vs1.0_inst.cpp
c1xx : fatal error C1083: Cannot open source file: 'C:\Hooman\GBC\GAME3121\ogre\RenderSystems\GL\src\nvparse\vs1.0_inst.cpp': No such file or directory
  vs1.0_inst_list.cpp
c1xx : fatal error C1083: Cannot open source file: 'C:\Hooman\GBC\GAME3121\ogre\RenderSystems\GL\src\nvparse\vs1.0_inst_list.cpp': No such file or directory
  vsp1.0_impl.cpp
c1xx : fatal error C1083: Cannot open source file: 'C:\Hooman\GBC\GAME3121\ogre\RenderSystems\GL\src\nvparse\vsp1.0_impl.cpp': No such file or directory
  OgreGLCopyingRenderTexture.cpp
  OgreGLDepthBuffer.cpp
  OgreGLEngineDll.cpp
c1xx : fatal error C1083: Cannot open source file: 'C:\Hooman\GBC\GAME3121\ogre\RenderSystems\GL\src\OgreGLCopyingRenderTexture.cpp': No such file or directory
c1xx : fatal error C1083: Cannot open source file: 'C:\Hooman\GBC\GAME3121\ogre\RenderSystems\GL\src\OgreGLEngineDll.cpp': No such file or directory
c1xx : fatal error C1083: Cannot open source file: 'C:\Hooman\GBC\GAME3121\ogre\RenderSystems\GL\src\OgreGLDepthBuffer.cpp': No such file or directory
  OgreGLFBOMultiRenderTarget.cpp
  OgreGLFBORenderTexture.cpp
  OgreGLFrameBufferObject.cpp
  OgreGLGpuNvparseProgram.cpp
  OgreGLGpuProgram.cpp
c1xx : fatal error C1083: Cannot open source file: 'C:\Hooman\GBC\GAME3121\ogre\RenderSystems\GL\src\OgreGLFBOMultiRenderTarget.cpp': No such file or directory
c1xx : fatal error C1083: Cannot open source file: 'C:\Hooman\GBC\GAME3121\ogre\RenderSystems\GL\src\OgreGLFBORenderTexture.cpp': No such file or directory
  OgreGLGpuProgramManager.cpp
c1xx : fatal error C1083: Cannot open source file: 'C:\Hooman\GBC\GAME3121\ogre\RenderSystems\GL\src\OgreGLFrameBufferObject.cpp': No such file or directory
c1xx : fatal error C1083: Cannot open source file: 'C:\Hooman\GBC\GAME3121\ogre\RenderSystems\GL\src\OgreGLGpuProgram.cpp': No such file or directory
c1xx : fatal error C1083: Cannot open source file: 'C:\Hooman\GBC\GAME3121\ogre\RenderSystems\GL\src\OgreGLGpuNvparseProgram.cpp': No such file or directory
c1xx : fatal error C1083: Cannot open source file: 'C:\Hooman\GBC\GAME3121\ogre\RenderSystems\GL\src\OgreGLGpuProgramManager.cpp': No such file or directory
  OgreGLHardwareBufferManager.cpp
  OgreGLHardwareIndexBuffer.cpp
  OgreGLHardwareOcclusionQuery.cpp
c1xx : fatal error C1083: Cannot open source file: 'C:\Hooman\GBC\GAME3121\ogre\RenderSystems\GL\src\OgreGLHardwareBufferManager.cpp': No such file or directory
  OgreGLHardwarePixelBuffer.cpp
  OgreGLHardwareVertexBuffer.cpp
c1xx : fatal error C1083: Cannot open source file: 'C:\Hooman\GBC\GAME3121\ogre\RenderSystems\GL\src\OgreGLHardwareOcclusionQuery.cpp': No such file or directory
c1xx : fatal error C1083: Cannot open source file: 'C:\Hooman\GBC\GAME3121\ogre\RenderSystems\GL\src\OgreGLHardwareIndexBuffer.cpp': No such file or directory
c1xx : fatal error C1083: Cannot open source file: 'C:\Hooman\GBC\GAME3121\ogre\RenderSystems\GL\src\OgreGLHardwarePixelBuffer.cpp': No such file or directory
  OgreGLPBRenderTexture.cpp
  OgreGLPixelFormat.cpp
c1xx : fatal error C1083: Cannot open source file: 'C:\Hooman\GBC\GAME3121\ogre\RenderSystems\GL\src\OgreGLHardwareVertexBuffer.cpp': No such file or directory
  OgreGLPlugin.cpp
  OgreGLRenderSystem.cpp
c1xx : fatal error C1083: Cannot open source file: 'C:\Hooman\GBC\GAME3121\ogre\RenderSystems\GL\src\OgreGLPixelFormat.cpp': No such file or directory
c1xx : fatal error C1083: Cannot open source file: 'C:\Hooman\GBC\GAME3121\ogre\RenderSystems\GL\src\OgreGLPBRenderTexture.cpp': No such file or directory
  OgreGLRenderToVertexBuffer.cpp
c1xx : fatal error C1083: Cannot open source file: 'C:\Hooman\GBC\GAME3121\ogre\RenderSystems\GL\src\OgreGLRenderSystem.cpp': No such file or directory
c1xx : fatal error C1083: Cannot open source file: 'C:\Hooman\GBC\GAME3121\ogre\RenderSystems\GL\src\OgreGLPlugin.cpp': No such file or directory
  OgreGLStateCacheManager.cpp
  OgreGLTexture.cpp
  OgreGLTextureManager.cpp
c1xx : fatal error C1083: Cannot open source file: 'C:\Hooman\GBC\GAME3121\ogre\RenderSystems\GL\src\OgreGLRenderToVertexBuffer.cpp': No such file or directory
c1xx : fatal error C1083: Cannot open source file: 'C:\Hooman\GBC\GAME3121\ogre\RenderSystems\GL\src\OgreGLStateCacheManager.cpp': No such file or directory
c1xx : fatal error C1083: Cannot open source file: 'C:\Hooman\GBC\GAME3121\ogre\RenderSystems\GL\src\OgreGLTextureManager.cpp': No such file or directory
c1xx : fatal error C1083: Cannot open source file: 'C:\Hooman\GBC\GAME3121\ogre\RenderSystems\GL\src\OgreGLTexture.cpp': No such file or directory
