C:\Program Files (x86)\Microsoft Visual Studio\2019\Community\MSBuild\Current\Bin\Microsoft.Common.CurrentVersion.targets(1967,5): warning : The referenced project 'C:\Hooman\GBC\GAME3121\ogre\build\OgreMain\OgreMain.vcxproj' does not exist.
C:\Program Files (x86)\Microsoft Visual Studio\2019\Community\MSBuild\Current\Bin\Microsoft.Common.CurrentVersion.targets(1967,5): warning : The referenced project 'C:\Hooman\GBC\GAME3121\ogre\build\Components\Paging\OgrePaging.vcxproj' does not exist.
  OgreTerrain.cpp
  OgreTerrainAutoUpdateLod.cpp
  OgreTerrainGroup.cpp
  OgreTerrainLayerBlendMap.cpp
c1xx : fatal error C1083: Cannot open source file: 'C:\Hooman\GBC\GAME3121\ogre\Components\Terrain\src\OgreTerrain.cpp': No such file or directory
  OgreTerrainLodManager.cpp
c1xx : fatal error C1083: Cannot open source file: 'C:\Hooman\GBC\GAME3121\ogre\Components\Terrain\src\OgreTerrainAutoUpdateLod.cpp': No such file or directory
c1xx : fatal error C1083: Cannot open source file: 'C:\Hooman\GBC\GAME3121\ogre\Components\Terrain\src\OgreTerrainGroup.cpp': No such file or directory
c1xx : fatal error C1083: Cannot open source file: 'C:\Hooman\GBC\GAME3121\ogre\Components\Terrain\src\OgreTerrainLayerBlendMap.cpp': No such file or directory
  OgreTerrainMaterialGenerator.cpp
  OgreTerrainMaterialGeneratorA.cpp
  OgreTerrainMaterialShaderHelperGLSL.cpp
c1xx : fatal error C1083: Cannot open source file: 'C:\Hooman\GBC\GAME3121\ogre\Components\Terrain\src\OgreTerrainLodManager.cpp': No such file or directory
c1xx : fatal error C1083: Cannot open source file: 'C:\Hooman\GBC\GAME3121\ogre\Components\Terrain\src\OgreTerrainMaterialGenerator.cpp': No such file or directory
  OgreTerrainQuadTreeNode.cpp
c1xx : fatal error C1083: Cannot open source file: 'C:\Hooman\GBC\GAME3121\ogre\Components\Terrain\src\OgreTerrainMaterialShaderHelperGLSL.cpp': No such file or directory
  OgreTerrainPaging.cpp
c1xx : fatal error C1083: Cannot open source file: 'C:\Hooman\GBC\GAME3121\ogre\Components\Terrain\src\OgreTerrainMaterialGeneratorA.cpp': No such file or directory
  OgreTerrainPagedWorldSection.cpp
c1xx : fatal error C1083: Cannot open source file: 'C:\Hooman\GBC\GAME3121\ogre\Components\Terrain\src\OgreTerrainQuadTreeNode.cpp': No such file or directory
c1xx : fatal error C1083: Cannot open source file: 'C:\Hooman\GBC\GAME3121\ogre\Components\Terrain\src\OgreTerrainPagedWorldSection.cpp': No such file or directory
c1xx : fatal error C1083: Cannot open source file: 'C:\Hooman\GBC\GAME3121\ogre\Components\Terrain\src\OgreTerrainPaging.cpp': No such file or directory
