C:\Program Files (x86)\Microsoft Visual Studio\2019\Community\MSBuild\Current\Bin\Microsoft.Common.CurrentVersion.targets(1967,5): warning : The referenced project 'C:\Hooman\GBC\GAME3121\ogre\build\OgreMain\OgreMain.vcxproj' does not exist.
C:\Program Files (x86)\Microsoft Visual Studio\2019\Community\MSBuild\Current\Bin\Microsoft.Common.CurrentVersion.targets(1967,5): warning : The referenced project 'C:\Hooman\GBC\GAME3121\ogre\build\Components\Overlay\OgreOverlay.vcxproj' does not exist.
C:\Program Files (x86)\Microsoft Visual Studio\2019\Community\MSBuild\Current\Bin\Microsoft.Common.CurrentVersion.targets(1967,5): warning : The referenced project 'C:\Hooman\GBC\GAME3121\ogre\build\Components\RTShaderSystem\OgreRTShaderSystem.vcxproj' does not exist.
  OgreAdvancedRenderControls.cpp
  OgreApplicationContextBase.cpp
c1xx : fatal error C1083: Cannot open source file: 'C:\Hooman\GBC\GAME3121\ogre\Components\Bites\src\OgreAdvancedRenderControls.cpp': No such file or directory
  OgreBitesConfigDialog.cpp
  OgreCameraMan.cpp
  OgreSGTechniqueResolverListener.cpp
  OgreStaticPluginLoader.cpp
c1xx : fatal error C1083: Cannot open source file: 'C:\Hooman\GBC\GAME3121\ogre\Components\Bites\src\OgreCameraMan.cpp': No such file or directory
  OgreTrays.cpp
c1xx : fatal error C1083: Cannot open source file: 'C:\Hooman\GBC\GAME3121\ogre\Components\Bites\src\OgreApplicationContextBase.cpp': No such file or directory
c1xx : fatal error C1083: Cannot open source file: 'C:\Hooman\GBC\GAME3121\ogre\Components\Bites\src\OgreStaticPluginLoader.cpp': No such file or directory
  OgreWindowEventUtilities.cpp
c1xx : fatal error C1083: Cannot open source file: 'C:\Hooman\GBC\GAME3121\ogre\Components\Bites\src\OgreTrays.cpp': No such file or directory
c1xx : fatal error C1083: Cannot open source file: 'C:\Hooman\GBC\GAME3121\ogre\Components\Bites\src\OgreSGTechniqueResolverListener.cpp': No such file or directory
c1xx : fatal error C1083: Cannot open source file: 'C:\Hooman\GBC\GAME3121\ogre\Components\Bites\src\OgreBitesConfigDialog.cpp': No such file or directory
c1xx : fatal error C1083: Cannot open source file: 'C:\Hooman\GBC\GAME3121\ogre\Components\Bites\src\OgreWindowEventUtilities.cpp': No such file or directory
  OgreApplicationContextSDL.cpp
  OgreWIN32ConfigDialog.cpp
  OgreImGuiInputListener.cpp
c1xx : fatal error C1083: Cannot open source file: 'C:\Hooman\GBC\GAME3121\ogre\Components\Bites\src\OgreWIN32ConfigDialog.cpp': No such file or directory
c1xx : fatal error C1083: Cannot open source file: 'C:\Hooman\GBC\GAME3121\ogre\Components\Bites\src\OgreApplicationContextSDL.cpp': No such file or directory
c1xx : fatal error C1083: Cannot open source file: 'C:\Hooman\GBC\GAME3121\ogre\Components\Bites\src\OgreImGuiInputListener.cpp': No such file or directory
