C:\Program Files (x86)\Microsoft Visual Studio\2019\Community\MSBuild\Current\Bin\Microsoft.Common.CurrentVersion.targets(1967,5): warning : The referenced project 'C:\Hooman\GBC\GAME3121\ogre\build\RenderSystems\GLSupport\OgreGLSupport.vcxproj' does not exist.
C:\Program Files (x86)\Microsoft Visual Studio\2019\Community\MSBuild\Current\Bin\Microsoft.Common.CurrentVersion.targets(1967,5): warning : The referenced project 'C:\Hooman\GBC\GAME3121\ogre\build\OgreMain\OgreMain.vcxproj' does not exist.
  OgreGLSLExtSupport.cpp
c1xx : fatal error C1083: Cannot open source file: 'C:\Hooman\GBC\GAME3121\ogre\RenderSystems\GL3Plus\src\GLSL\src\OgreGLSLExtSupport.cpp': No such file or directory
  OgreGLSLMonolithicProgram.cpp
c1xx : fatal error C1083: Cannot open source file: 'C:\Hooman\GBC\GAME3121\ogre\RenderSystems\GL3Plus\src\GLSL\src\OgreGLSLMonolithicProgram.cpp': No such file or directory
  OgreGLSLProgram.cpp
  OgreGLSLProgramManager.cpp
  OgreGLSLSeparableProgram.cpp
  OgreGLSLShader.cpp
c1xx : fatal error C1083: Cannot open source file: 'C:\Hooman\GBC\GAME3121\ogre\RenderSystems\GL3Plus\src\GLSL\src\OgreGLSLProgram.cpp': No such file or directory
c1xx : fatal error C1083: Cannot open source file: 'C:\Hooman\GBC\GAME3121\ogre\RenderSystems\GL3Plus\src\GLSL\src\OgreGLSLSeparableProgram.cpp': No such file or directory
  OgreGLSLShaderFactory.cpp
  OgreGL3PlusDepthBuffer.cpp
c1xx : fatal error C1083: Cannot open source file: 'C:\Hooman\GBC\GAME3121\ogre\RenderSystems\GL3Plus\src\GLSL\src\OgreGLSLShader.cpp': No such file or directory
c1xx : fatal error C1083: Cannot open source file: 'C:\Hooman\GBC\GAME3121\ogre\RenderSystems\GL3Plus\src\OgreGL3PlusDepthBuffer.cpp': No such file or directory
c1xx : fatal error C1083: Cannot open source file: 'C:\Hooman\GBC\GAME3121\ogre\RenderSystems\GL3Plus\src\GLSL\src\OgreGLSLShaderFactory.cpp': No such file or directory
c1xx : fatal error C1083: Cannot open source file: 'C:\Hooman\GBC\GAME3121\ogre\RenderSystems\GL3Plus\src\GLSL\src\OgreGLSLProgramManager.cpp': No such file or directory
  OgreGL3PlusEngineDll.cpp
  OgreGL3PlusFBOMultiRenderTarget.cpp
  OgreGL3PlusFBORenderTexture.cpp
  OgreGL3PlusFrameBufferObject.cpp
  OgreGL3PlusHardwareBuffer.cpp
  OgreGL3PlusHardwareBufferManager.cpp
  OgreGL3PlusHardwareIndexBuffer.cpp
c1xx : fatal error C1083: Cannot open source file: 'C:\Hooman\GBC\GAME3121\ogre\RenderSystems\GL3Plus\src\OgreGL3PlusEngineDll.cpp': No such file or directory
c1xx : fatal error C1083: Cannot open source file: 'C:\Hooman\GBC\GAME3121\ogre\RenderSystems\GL3Plus\src\OgreGL3PlusFBORenderTexture.cpp': No such file or directory
  OgreGL3PlusHardwareOcclusionQuery.cpp
c1xx : fatal error C1083: Cannot open source file: 'C:\Hooman\GBC\GAME3121\ogre\RenderSystems\GL3Plus\src\OgreGL3PlusHardwareBuffer.cpp': No such file or directory
c1xx : fatal error C1083: Cannot open source file: 'C:\Hooman\GBC\GAME3121\ogre\RenderSystems\GL3Plus\src\OgreGL3PlusHardwareBufferManager.cpp': No such file or directory
  OgreGL3PlusHardwarePixelBuffer.cpp
c1xx : fatal error C1083: Cannot open source file: 'C:\Hooman\GBC\GAME3121\ogre\RenderSystems\GL3Plus\src\OgreGL3PlusHardwareIndexBuffer.cpp': No such file or directory
c1xx : fatal error C1083: Cannot open source file: 'C:\Hooman\GBC\GAME3121\ogre\RenderSystems\GL3Plus\src\OgreGL3PlusFrameBufferObject.cpp': No such file or directory
c1xx : fatal error C1083: Cannot open source file: 'C:\Hooman\GBC\GAME3121\ogre\RenderSystems\GL3Plus\src\OgreGL3PlusHardwarePixelBuffer.cpp': No such file or directory
  OgreGL3PlusHardwareUniformBuffer.cpp
  OgreGL3PlusHardwareVertexBuffer.cpp
c1xx : fatal error C1083: Cannot open source file: 'C:\Hooman\GBC\GAME3121\ogre\RenderSystems\GL3Plus\src\OgreGL3PlusFBOMultiRenderTarget.cpp': No such file or directory
  OgreGL3PlusPixelFormat.cpp
c1xx : fatal error C1083: Cannot open source file: 'C:\Hooman\GBC\GAME3121\ogre\RenderSystems\GL3Plus\src\OgreGL3PlusHardwareVertexBuffer.cpp': No such file or directory
c1xx : fatal error C1083: Cannot open source file: 'C:\Hooman\GBC\GAME3121\ogre\RenderSystems\GL3Plus\src\OgreGL3PlusHardwareUniformBuffer.cpp': No such file or directory
  OgreGL3PlusPlugin.cpp
  OgreGL3PlusRenderSystem.cpp
c1xx : fatal error C1083: Cannot open source file: 'C:\Hooman\GBC\GAME3121\ogre\RenderSystems\GL3Plus\src\OgreGL3PlusPixelFormat.cpp': No such file or directory
  OgreGL3PlusRenderToVertexBuffer.cpp
c1xx : fatal error C1083: Cannot open source file: 'C:\Hooman\GBC\GAME3121\ogre\RenderSystems\GL3Plus\src\OgreGL3PlusPlugin.cpp': No such file or directory
  OgreGL3PlusStateCacheManager.cpp
c1xx : fatal error C1083: Cannot open source file: 'C:\Hooman\GBC\GAME3121\ogre\RenderSystems\GL3Plus\src\OgreGL3PlusRenderSystem.cpp': No such file or directory
c1xx : fatal error C1083: Cannot open source file: 'C:\Hooman\GBC\GAME3121\ogre\RenderSystems\GL3Plus\src\OgreGL3PlusHardwareOcclusionQuery.cpp': No such file or directory
c1xx : fatal error C1083: Cannot open source file: 'C:\Hooman\GBC\GAME3121\ogre\RenderSystems\GL3Plus\src\OgreGL3PlusRenderToVertexBuffer.cpp': No such file or directory
c1xx : fatal error C1083: Cannot open source file: 'C:\Hooman\GBC\GAME3121\ogre\RenderSystems\GL3Plus\src\OgreGL3PlusStateCacheManager.cpp': No such file or directory
  OgreGL3PlusTexture.cpp
c1xx : fatal error C1083: Cannot open source file: 'C:\Hooman\GBC\GAME3121\ogre\RenderSystems\GL3Plus\src\OgreGL3PlusTexture.cpp': No such file or directory
  OgreGL3PlusTextureBuffer.cpp
c1xx : fatal error C1083: Cannot open source file: 'C:\Hooman\GBC\GAME3121\ogre\RenderSystems\GL3Plus\src\OgreGL3PlusTextureBuffer.cpp': No such file or directory
  OgreGL3PlusTextureManager.cpp
  OgreSPIRVShaderFactory.cpp
c1xx : fatal error C1083: Cannot open source file: 'C:\Hooman\GBC\GAME3121\ogre\RenderSystems\GL3Plus\src\OgreGL3PlusTextureManager.cpp': No such file or directory
c1xx : fatal error C1083: Cannot open source file: 'C:\Hooman\GBC\GAME3121\ogre\RenderSystems\GL3Plus\src\OgreSPIRVShaderFactory.cpp': No such file or directory
