C:\Program Files (x86)\Microsoft Visual Studio\2019\Community\MSBuild\Current\Bin\Microsoft.Common.CurrentVersion.targets(1967,5): warning : The referenced project 'C:\Hooman\GBC\GAME3121\ogre\build\OgreMain\OgreMain.vcxproj' does not exist.
  OgreWin32Context.cpp
  OgreWin32GLSupport.cpp
  OgreWin32RenderTexture.cpp
c1xx : fatal error C1083: Cannot open source file: 'C:\Hooman\GBC\GAME3121\ogre\RenderSystems\GLSupport\src\win32\OgreWin32GLSupport.cpp': No such file or directory
  OgreWin32Window.cpp
c1xx : fatal error C1083: Cannot open source file: 'C:\Hooman\GBC\GAME3121\ogre\RenderSystems\GLSupport\src\win32\OgreWin32RenderTexture.cpp': No such file or directory
  OgreGLSLPreprocessor.cpp
  OgreGLSLProgramCommon.cpp
c1xx : fatal error C1083: Cannot open source file: 'C:\Hooman\GBC\GAME3121\ogre\RenderSystems\GLSupport\src\win32\OgreWin32Window.cpp': No such file or directory
  OgreGLSLProgramManagerCommon.cpp
c1xx : fatal error C1083: Cannot open source file: 'C:\Hooman\GBC\GAME3121\ogre\RenderSystems\GLSupport\src\GLSL\OgreGLSLProgramCommon.cpp': No such file or directory
  OgreGLSLShaderCommon.cpp
c1xx : fatal error C1083: Cannot open source file: 'C:\Hooman\GBC\GAME3121\ogre\RenderSystems\GLSupport\src\win32\OgreWin32Context.cpp': No such file or directory
  OgreGLRenderSystemCommon.cpp
c1xx : fatal error C1083: Cannot open source file: 'C:\Hooman\GBC\GAME3121\ogre\RenderSystems\GLSupport\src\OgreGLRenderSystemCommon.cpp': No such file or directory
  OgreGLTextureCommon.cpp
  OgreGLDepthBufferCommon.cpp
  OgreGLRenderTexture.cpp
c1xx : fatal error C1083: Cannot open source file: 'C:\Hooman\GBC\GAME3121\ogre\RenderSystems\GLSupport\src\OgreGLTextureCommon.cpp': No such file or directory
c1xx : fatal error C1083: Cannot open source file: 'C:\Hooman\GBC\GAME3121\ogre\RenderSystems\GLSupport\src\OgreGLDepthBufferCommon.cpp': No such file or directory
c1xx : fatal error C1083: Cannot open source file: 'C:\Hooman\GBC\GAME3121\ogre\RenderSystems\GLSupport\src\GLSL\OgreGLSLPreprocessor.cpp': No such file or directory
c1xx : fatal error C1083: Cannot open source file: 'C:\Hooman\GBC\GAME3121\ogre\RenderSystems\GLSupport\src\GLSL\OgreGLSLShaderCommon.cpp': No such file or directory
  OgreGLHardwarePixelBufferCommon.cpp
c1xx : fatal error C1083: Cannot open source file: 'C:\Hooman\GBC\GAME3121\ogre\RenderSystems\GLSupport\src\OgreGLHardwarePixelBufferCommon.cpp': No such file or directory
  OgreGLUniformCache.cpp
  OgreGLVertexArrayObject.cpp
c1xx : fatal error C1083: Cannot open source file: 'C:\Hooman\GBC\GAME3121\ogre\RenderSystems\GLSupport\src\GLSL\OgreGLSLProgramManagerCommon.cpp': No such file or directory
c1xx : fatal error C1083: Cannot open source file: 'C:\Hooman\GBC\GAME3121\ogre\RenderSystems\GLSupport\src\OgreGLVertexArrayObject.cpp': No such file or directory
c1xx : fatal error C1083: Cannot open source file: 'C:\Hooman\GBC\GAME3121\ogre\RenderSystems\GLSupport\src\OgreGLUniformCache.cpp': No such file or directory
  OgreGLWindow.cpp
c1xx : fatal error C1083: Cannot open source file: 'C:\Hooman\GBC\GAME3121\ogre\RenderSystems\GLSupport\src\OgreGLRenderTexture.cpp': No such file or directory
c1xx : fatal error C1083: Cannot open source file: 'C:\Hooman\GBC\GAME3121\ogre\RenderSystems\GLSupport\src\OgreGLWindow.cpp': No such file or directory
