C:\Program Files (x86)\Microsoft Visual Studio\2019\Community\MSBuild\Current\Bin\Microsoft.Common.CurrentVersion.targets(1967,5): warning : The referenced project 'C:\Hooman\GBC\GAME3121\ogre\build\OgreMain\OgreMain.vcxproj' does not exist.
  OgreBspLevel.cpp
  OgreBspNode.cpp
c1xx : fatal error C1083: Cannot open source file: 'C:\Hooman\GBC\GAME3121\ogre\PlugIns\BSPSceneManager\src\OgreBspLevel.cpp': No such file or directory
c1xx : fatal error C1083: Cannot open source file: 'C:\Hooman\GBC\GAME3121\ogre\PlugIns\BSPSceneManager\src\OgreBspNode.cpp': No such file or directory
  OgreBspSceneLoader.cpp
c1xx : fatal error C1083: Cannot open source file: 'C:\Hooman\GBC\GAME3121\ogre\PlugIns\BSPSceneManager\src\OgreBspSceneLoader.cpp': No such file or directory
  OgreBspSceneManager.cpp
  OgreBspSceneManagerDll.cpp
  OgreBspSceneManagerPlugin.cpp
c1xx : fatal error C1083: Cannot open source file: 'C:\Hooman\GBC\GAME3121\ogre\PlugIns\BSPSceneManager\src\OgreBspSceneManagerDll.cpp': No such file or directory
  OgreBspSceneNode.cpp
c1xx : fatal error C1083: Cannot open source file: 'C:\Hooman\GBC\GAME3121\ogre\PlugIns\BSPSceneManager\src\OgreBspSceneManagerPlugin.cpp': No such file or directory
c1xx : fatal error C1083: Cannot open source file: 'C:\Hooman\GBC\GAME3121\ogre\PlugIns\BSPSceneManager\src\OgreBspSceneManager.cpp': No such file or directory
  OgreQuake3Level.cpp
  OgreQuake3Shader.cpp
  OgreQuake3ShaderManager.cpp
c1xx : fatal error C1083: Cannot open source file: 'C:\Hooman\GBC\GAME3121\ogre\PlugIns\BSPSceneManager\src\OgreQuake3ShaderManager.cpp': No such file or directory
c1xx : fatal error C1083: Cannot open source file: 'C:\Hooman\GBC\GAME3121\ogre\PlugIns\BSPSceneManager\src\OgreQuake3Level.cpp': No such file or directory
c1xx : fatal error C1083: Cannot open source file: 'C:\Hooman\GBC\GAME3121\ogre\PlugIns\BSPSceneManager\src\OgreBspSceneNode.cpp': No such file or directory
c1xx : fatal error C1083: Cannot open source file: 'C:\Hooman\GBC\GAME3121\ogre\PlugIns\BSPSceneManager\src\OgreQuake3Shader.cpp': No such file or directory
