C:\Program Files (x86)\Microsoft Visual Studio\2019\Community\MSBuild\Current\Bin\Microsoft.Common.CurrentVersion.targets(1967,5): warning : The referenced project 'C:\Hooman\GBC\GAME3121\ogre\build\OgreMain\OgreMain.vcxproj' does not exist.
  OgreD3D11DepthBuffer.cpp
  OgreD3D11Device.cpp
c1xx : fatal error C1083: Cannot open source file: 'C:\Hooman\GBC\GAME3121\ogre\RenderSystems\Direct3D11\src\OgreD3D11DepthBuffer.cpp': No such file or directory
c1xx : fatal error C1083: Cannot open source file: 'C:\Hooman\GBC\GAME3121\ogre\RenderSystems\Direct3D11\src\OgreD3D11Device.cpp': No such file or directory
  OgreD3D11DeviceResource.cpp
  OgreD3D11Driver.cpp
c1xx : fatal error C1083: Cannot open source file: 'C:\Hooman\GBC\GAME3121\ogre\RenderSystems\Direct3D11\src\OgreD3D11DeviceResource.cpp': No such file or directory
c1xx : fatal error C1083: Cannot open source file: 'C:\Hooman\GBC\GAME3121\ogre\RenderSystems\Direct3D11\src\OgreD3D11Driver.cpp': No such file or directory
  OgreD3D11DriverList.cpp
  OgreD3D11EngineDll.cpp
  OgreD3D11HLSLProgram.cpp
  OgreD3D11HLSLProgramFactory.cpp
  OgreD3D11HardwareBuffer.cpp
c1xx : fatal error C1083: Cannot open source file: 'C:\Hooman\GBC\GAME3121\ogre\RenderSystems\Direct3D11\src\OgreD3D11DriverList.cpp': No such file or directory
c1xx : fatal error C1083: Cannot open source file: 'C:\Hooman\GBC\GAME3121\ogre\RenderSystems\Direct3D11\src\OgreD3D11EngineDll.cpp': No such file or directory
c1xx : fatal error C1083: Cannot open source file: 'C:\Hooman\GBC\GAME3121\ogre\RenderSystems\Direct3D11\src\OgreD3D11HLSLProgram.cpp': No such file or directory
c1xx : fatal error C1083: Cannot open source file: 'C:\Hooman\GBC\GAME3121\ogre\RenderSystems\Direct3D11\src\OgreD3D11HLSLProgramFactory.cpp': No such file or directory
c1xx : fatal error C1083: Cannot open source file: 'C:\Hooman\GBC\GAME3121\ogre\RenderSystems\Direct3D11\src\OgreD3D11HardwareBuffer.cpp': No such file or directory
  OgreD3D11HardwareBufferManager.cpp
c1xx : fatal error C1083: Cannot open source file: 'C:\Hooman\GBC\GAME3121\ogre\RenderSystems\Direct3D11\src\OgreD3D11HardwareBufferManager.cpp': No such file or directory
  OgreD3D11HardwareIndexBuffer.cpp
c1xx : fatal error C1083: Cannot open source file: 'C:\Hooman\GBC\GAME3121\ogre\RenderSystems\Direct3D11\src\OgreD3D11HardwareIndexBuffer.cpp': No such file or directory
  OgreD3D11HardwareOcclusionQuery.cpp
  OgreD3D11HardwarePixelBuffer.cpp
c1xx : fatal error C1083: Cannot open source file: 'C:\Hooman\GBC\GAME3121\ogre\RenderSystems\Direct3D11\src\OgreD3D11HardwareOcclusionQuery.cpp': No such file or directory
c1xx : fatal error C1083: Cannot open source file: 'C:\Hooman\GBC\GAME3121\ogre\RenderSystems\Direct3D11\src\OgreD3D11HardwarePixelBuffer.cpp': No such file or directory
  OgreD3D11HardwareUniformBuffer.cpp
c1xx : fatal error C1083: Cannot open source file: 'C:\Hooman\GBC\GAME3121\ogre\RenderSystems\Direct3D11\src\OgreD3D11HardwareUniformBuffer.cpp': No such file or directory
  OgreD3D11HardwareVertexBuffer.cpp
  OgreD3D11Mappings.cpp
  OgreD3D11MultiRenderTarget.cpp
  OgreD3D11Plugin.cpp
  OgreD3D11RenderSystem.cpp
c1xx : fatal error C1083: Cannot open source file: 'C:\Hooman\GBC\GAME3121\ogre\RenderSystems\Direct3D11\src\OgreD3D11HardwareVertexBuffer.cpp': No such file or directory
c1xx : fatal error C1083: Cannot open source file: 'C:\Hooman\GBC\GAME3121\ogre\RenderSystems\Direct3D11\src\OgreD3D11Mappings.cpp': No such file or directory
c1xx : fatal error C1083: Cannot open source file: 'C:\Hooman\GBC\GAME3121\ogre\RenderSystems\Direct3D11\src\OgreD3D11MultiRenderTarget.cpp': No such file or directory
  OgreD3D11RenderToVertexBuffer.cpp
  OgreD3D11RenderWindow.cpp
c1xx : fatal error C1083: Cannot open source file: 'C:\Hooman\GBC\GAME3121\ogre\RenderSystems\Direct3D11\src\OgreD3D11Plugin.cpp': No such file or directory
  OgreD3D11StereoDriverAMD.cpp
  OgreD3D11StereoDriverBridge.cpp
c1xx : fatal error C1083: Cannot open source file: 'C:\Hooman\GBC\GAME3121\ogre\RenderSystems\Direct3D11\src\OgreD3D11RenderToVertexBuffer.cpp': No such file or directory
c1xx : fatal error C1083: Cannot open source file: 'C:\Hooman\GBC\GAME3121\ogre\RenderSystems\Direct3D11\src\OgreD3D11StereoDriverAMD.cpp': No such file or directory
c1xx : fatal error C1083: Cannot open source file: 'C:\Hooman\GBC\GAME3121\ogre\RenderSystems\Direct3D11\src\OgreD3D11StereoDriverBridge.cpp': No such file or directory
  OgreD3D11StereoDriverNVIDIA.cpp
c1xx : fatal error C1083: Cannot open source file: 'C:\Hooman\GBC\GAME3121\ogre\RenderSystems\Direct3D11\src\OgreD3D11RenderWindow.cpp': No such file or directory
c1xx : fatal error C1083: Cannot open source file: 'C:\Hooman\GBC\GAME3121\ogre\RenderSystems\Direct3D11\src\OgreD3D11RenderSystem.cpp': No such file or directory
c1xx : fatal error C1083: Cannot open source file: 'C:\Hooman\GBC\GAME3121\ogre\RenderSystems\Direct3D11\src\OgreD3D11StereoDriverNVIDIA.cpp': No such file or directory
  OgreD3D11Texture.cpp
c1xx : fatal error C1083: Cannot open source file: 'C:\Hooman\GBC\GAME3121\ogre\RenderSystems\Direct3D11\src\OgreD3D11Texture.cpp': No such file or directory
  OgreD3D11TextureManager.cpp
c1xx : fatal error C1083: Cannot open source file: 'C:\Hooman\GBC\GAME3121\ogre\RenderSystems\Direct3D11\src\OgreD3D11TextureManager.cpp': No such file or directory
  OgreD3D11VertexDeclaration.cpp
  OgreD3D11VideoMode.cpp
c1xx : fatal error C1083: Cannot open source file: 'C:\Hooman\GBC\GAME3121\ogre\RenderSystems\Direct3D11\src\OgreD3D11VideoMode.cpp': No such file or directory
c1xx : fatal error C1083: Cannot open source file: 'C:\Hooman\GBC\GAME3121\ogre\RenderSystems\Direct3D11\src\OgreD3D11VertexDeclaration.cpp': No such file or directory
  OgreD3D11VideoModeList.cpp
c1xx : fatal error C1083: Cannot open source file: 'C:\Hooman\GBC\GAME3121\ogre\RenderSystems\Direct3D11\src\OgreD3D11VideoModeList.cpp': No such file or directory
  OgreMonitorInfo.cpp
c1xx : fatal error C1083: Cannot open source file: 'C:\Hooman\GBC\GAME3121\ogre\RenderSystems\Direct3D11\src\OgreMonitorInfo.cpp': No such file or directory
  OgreNsightChecker.cpp
c1xx : fatal error C1083: Cannot open source file: 'C:\Hooman\GBC\GAME3121\ogre\RenderSystems\Direct3D11\src\OgreNsightChecker.cpp': No such file or directory
